... logging to /home/pi/.ros/log/f84868ca-1d49-11e7-941b-b827eb5a913d/roslaunch-pibot-2557.log
Checking log directory for disk usage. This may take awhile.
Press Ctrl-C to interrupt
Done checking log file disk usage. Usage is <1GB.
]2;roscore
[1mstarted roslaunch server http://pibot:38928/[0m
ros_comm version 1.12.7


SUMMARY
========

PARAMETERS
 * /rosdistro: kinetic
 * /rosversion: 1.12.7

NODES

auto-starting new master
[1mprocess[master]: started with pid [2568][0m
[1mROS_MASTER_URI=http://pibot:11311/[0m
]2;roscore http://pibot:11311/
[1msetting /run_id to f84868ca-1d49-11e7-941b-b827eb5a913d[0m
[1mprocess[rosout-1]: started with pid [2581][0m
started core service [/rosout]
[rosout-1] killing on exit
[master] killing on exit
shutting down processing monitor...
... shutting down processing monitor complete
[1mdone[0m
